<?xml version="1.0" encoding="UTF-8"?>
<testsuite xmlns:xsi="http://www.w3.org/2001/XMLSchema-instance" xsi:noNamespaceSchemaLocation="https://maven.apache.org/surefire/maven-surefire-plugin/xsd/surefire-test-report.xsd" version="3.0.2" name="org.jacpfx.image.canvas.RowContainerTest" time="0.008" tests="2" errors="0" skipped="0" failures="0">
  <properties>
[...]
</properties>
  <testcase name="should_set_and_get_row_hights_and_width" classname="org.jacpfx.image.canvas.RowContainerTest" time="0.001"/>
  <testcase name="should_add_image_and_get_images" classname="org.jacpfx.image.canvas.RowContainerTest" time="0.004"/>
</testsuite>